uuu_version 1.2.39

# @_flexspi.bin            | bootloader
# @_image   [_flexspi.bin] | image burn to flexspi, default is the same as bootloader

# This command will be run when i.MX6/7 i.MX8MM, i.MX8MQ
SDP: boot -f FLASH.BIN 

# This command will be run when ROM support stream mode
# i.MX8QXP, i.MX8QM, skip QSPI header
#SDPS: boot -f FLASH.BIN  -offset 0x57c00
SDPS: boot -f FLASH.BIN  -offset 0x0

# These commands will be run when use SPL and will be skipped if no spl
# SDPU will be deprecated. please use SDPV instead of SDPU
# {
SDPU: delay 1000
SDPU: write -f FLASH.BIN  -offset 0x57c00
SDPU: jump
# }

# These commands will be run when use SPL and will be skipped if no spl
# if (SPL support SDPV)
# {
SDPV: delay 1000
#SDPV: write -f FLASH.BIN  -skipspl -offset 0x57c00
SDPV: write -f FLASH.BIN  -skipspl -offset 0x0
SDPV: jump
# }



FB: ucmd setenv fastboot_buffer ${loadaddr}
FB: download -f FILE 
FB: ucmd mmc dev MMCDEV_NUMBER
FB: ucmd mmc write ${fastboot_buffer} ADDRESS BLOCK_NUMBER
#
FB: done
